<?xml version="1.0" encoding="UTF-8"?>
<testsuite xmlns:xsi="http://www.w3.org/2001/XMLSchema-instance" xsi:noNamespaceSchemaLocation="https://maven.apache.org/surefire/maven-surefire-plugin/xsd/surefire-test-report-3.0.xsd" version="3.0" name="bytevector.ByteVectorTest" time="0.097" tests="22" errors="0" skipped="0" failures="0">
  <properties>
    <property name="java.specification.version" value="21"/>
    <property name="sun.cpu.isalist" value="amd64"/>
    <property name="sun.jnu.encoding" value="Cp1252"/>
    <property name="java.class.path" value="C:\TU Delft\research-project-cse-3000\java-classes\target\test-classes;C:\TU Delft\research-project-cse-3000\java-classes\target\classes;C:\Users\Stefan Creasta\.m2\repository\junit\junit\4.13.1\junit-4.13.1.jar;C:\Users\Stefan Creasta\.m2\repository\org\hamcrest\hamcrest-core\1.3\hamcrest-core-1.3.jar;C:\Users\Stefan Creasta\.m2\repository\org\junit\jupiter\junit-jupiter\5.10.2\junit-jupiter-5.10.2.jar;C:\Users\Stefan Creasta\.m2\repository\org\junit\jupiter\junit-jupiter-api\5.10.2\junit-jupiter-api-5.10.2.jar;C:\Users\Stefan Creasta\.m2\repository\org\opentest4j\opentest4j\1.3.0\opentest4j-1.3.0.jar;C:\Users\Stefan Creasta\.m2\repository\org\junit\platform\junit-platform-commons\1.10.2\junit-platform-commons-1.10.2.jar;C:\Users\Stefan Creasta\.m2\repository\org\apiguardian\apiguardian-api\1.1.2\apiguardian-api-1.1.2.jar;C:\Users\Stefan Creasta\.m2\repository\org\junit\jupiter\junit-jupiter-params\5.10.2\junit-jupiter-params-5.10.2.jar;C:\Users\Stefan Creasta\.m2\repository\org\junit\jupiter\junit-jupiter-engine\5.10.2\junit-jupiter-engine-5.10.2.jar;C:\Users\Stefan Creasta\.m2\repository\org\junit\platform\junit-platform-engine\1.10.2\junit-platform-engine-1.10.2.jar;"/>
    <property name="java.vm.vendor" value="Oracle Corporation"/>
    <property name="sun.arch.data.model" value="64"/>
    <property name="user.variant" value=""/>
    <property name="java.vendor.url" value="https://java.oracle.com/"/>
    <property name="user.timezone" value="Europe/Berlin"/>
    <property name="os.name" value="Windows 11"/>
    <property name="java.vm.specification.version" value="21"/>
    <property name="sun.java.launcher" value="SUN_STANDARD"/>
    <property name="user.country" value="US"/>
    <property name="sun.boot.library.path" value="C:\Program Files\Java\jdk-21\bin"/>
    <property name="sun.java.command" value="C:\Users\Stefan Creasta\AppData\Local\Temp\surefire13596326514836219107\surefirebooter-20240603142524125_3.jar C:\Users\Stefan Creasta\AppData\Local\Temp\surefire13596326514836219107 2024-06-03T14-25-23_981-jvmRun1 surefire-20240603142524125_1tmp surefire_0-20240603142524125_2tmp"/>
    <property name="jdk.debug" value="release"/>
    <property name="surefire.test.class.path" value="C:\TU Delft\research-project-cse-3000\java-classes\target\test-classes;C:\TU Delft\research-project-cse-3000\java-classes\target\classes;C:\Users\Stefan Creasta\.m2\repository\junit\junit\4.13.1\junit-4.13.1.jar;C:\Users\Stefan Creasta\.m2\repository\org\hamcrest\hamcrest-core\1.3\hamcrest-core-1.3.jar;C:\Users\Stefan Creasta\.m2\repository\org\junit\jupiter\junit-jupiter\5.10.2\junit-jupiter-5.10.2.jar;C:\Users\Stefan Creasta\.m2\repository\org\junit\jupiter\junit-jupiter-api\5.10.2\junit-jupiter-api-5.10.2.jar;C:\Users\Stefan Creasta\.m2\repository\org\opentest4j\opentest4j\1.3.0\opentest4j-1.3.0.jar;C:\Users\Stefan Creasta\.m2\repository\org\junit\platform\junit-platform-commons\1.10.2\junit-platform-commons-1.10.2.jar;C:\Users\Stefan Creasta\.m2\repository\org\apiguardian\apiguardian-api\1.1.2\apiguardian-api-1.1.2.jar;C:\Users\Stefan Creasta\.m2\repository\org\junit\jupiter\junit-jupiter-params\5.10.2\junit-jupiter-params-5.10.2.jar;C:\Users\Stefan Creasta\.m2\repository\org\junit\jupiter\junit-jupiter-engine\5.10.2\junit-jupiter-engine-5.10.2.jar;C:\Users\Stefan Creasta\.m2\repository\org\junit\platform\junit-platform-engine\1.10.2\junit-platform-engine-1.10.2.jar;"/>
    <property name="sun.cpu.endian" value="little"/>
    <property name="user.home" value="C:\Users\Stefan Creasta"/>
    <property name="user.language" value="en"/>
    <property name="java.specification.vendor" value="Oracle Corporation"/>
    <property name="java.version.date" value="2023-10-17"/>
    <property name="java.home" value="C:\Program Files\Java\jdk-21"/>
    <property name="file.separator" value="\"/>
    <property name="basedir" value="C:\TU Delft\research-project-cse-3000\java-classes"/>
    <property name="java.vm.compressedOopsMode" value="32-bit"/>
    <property name="line.separator" value="&#10;"/>
    <property name="java.vm.specification.vendor" value="Oracle Corporation"/>
    <property name="java.specification.name" value="Java Platform API Specification"/>
    <property name="surefire.real.class.path" value="C:\Users\Stefan Creasta\AppData\Local\Temp\surefire13596326514836219107\surefirebooter-20240603142524125_3.jar"/>
    <property name="user.script" value=""/>
    <property name="sun.management.compiler" value="HotSpot 64-Bit Tiered Compilers"/>
    <property name="java.runtime.version" value="21.0.1+12-LTS-29"/>
    <property name="user.name" value="Stefan Creasta"/>
    <property name="stdout.encoding" value="Cp1252"/>
    <property name="path.separator" value=";"/>
    <property name="os.version" value="10.0"/>
    <property name="java.runtime.name" value="Java(TM) SE Runtime Environment"/>
    <property name="file.encoding" value="UTF-8"/>
    <property name="java.vm.name" value="Java HotSpot(TM) 64-Bit Server VM"/>
    <property name="localRepository" value="C:\Users\Stefan Creasta\.m2\repository"/>
    <property name="java.vendor.url.bug" value="https://bugreport.java.com/bugreport/"/>
    <property name="java.io.tmpdir" value="C:\Users\STEFAN~1\AppData\Local\Temp\"/>
    <property name="java.version" value="21.0.1"/>
    <property name="user.dir" value="C:\TU Delft\research-project-cse-3000\java-classes"/>
    <property name="os.arch" value="amd64"/>
    <property name="java.vm.specification.name" value="Java Virtual Machine Specification"/>
    <property name="sun.os.patch.level" value=""/>
    <property name="native.encoding" value="Cp1252"/>
    <property name="java.library.path" value="C:\Program Files\Java\jdk-21\bin;C:\WINDOWS\Sun\Java\bin;C:\WINDOWS\system32;C:\WINDOWS;C:\Conda\envs\TUD-Collaborative-AI-2024;C:\Conda\envs\TUD-Collaborative-AI-2024\Library\mingw-w64\bin;C:\Conda\envs\TUD-Collaborative-AI-2024\Library\usr\bin;C:\Conda\envs\TUD-Collaborative-AI-2024\Library\bin;C:\Conda\envs\TUD-Collaborative-AI-2024\Scripts;C:\Conda\envs\TUD-Collaborative-AI-2024\bin;C:\EPFL\Anaconda3\condabin;C:\Program Files\Common Files\Oracle\Java\javapath;C:\WINDOWS\system32;C:\WINDOWS;C:\WINDOWS\System32\Wbem;C:\WINDOWS\System32\WindowsPowerShell\v1.0;C:\WINDOWS\System32\OpenSSH;C:\Program Files\Git\cmd;C:\Program Files\PuTTY;C:\Users\Stefan Creasta\AppData\Roaming\nvm;C:\Program Files\nodejs;C:\Gradle\bin;C:\apache-maven-3.9.6\bin;C:\Users\Stefan Creasta\AppData\Local\Programs\Python\Launcher;C:\Users\Stefan Creasta\AppData\Local\Microsoft\WindowsApps;C:\Users\Stefan Creasta\AppData\Local\gitkraken\bin;C:\Users\Stefan Creasta\AppData\Local\Microsoft\WindowsApps;C:\Users\Stefan Creasta\AppData\Local\GitHubDesktop\bin;C:\Users\Stefan Creasta\AppData\Local\Programs\Microsoft VS Code\bin;C:\Users\Stefan Creasta\AppData\Roaming\npm;C:\Users\Stefan Creasta\AppData\Roaming\nvm;C:\Program Files\nodejs;C:\EPFL\Anaconda3\Scripts;C:\Gradle\bin;C:\apache-maven-3.9.6\bin;.;C:\Conda\Library\Bin;."/>
    <property name="java.vm.info" value="mixed mode, sharing"/>
    <property name="stderr.encoding" value="Cp1252"/>
    <property name="java.vendor" value="Oracle Corporation"/>
    <property name="java.vm.version" value="21.0.1+12-LTS-29"/>
    <property name="sun.io.unicode.encoding" value="UnicodeLittle"/>
    <property name="java.class.version" value="65.0"/>
  </properties>
  <testcase name="testPutByteArrayWithLargeLength" classname="bytevector.ByteVectorTest" time="0.034"/>
  <testcase name="testEnlarge" classname="bytevector.ByteVectorTest" time="0.001"/>
  <testcase name="testPutShort" classname="bytevector.ByteVectorTest" time="0.001"/>
  <testcase name="testPutLongWithMaxValue" classname="bytevector.ByteVectorTest" time="0.001"/>
  <testcase name="testPutNegativeByte" classname="bytevector.ByteVectorTest" time="0.001"/>
  <testcase name="testPut12" classname="bytevector.ByteVectorTest" time="0.001"/>
  <testcase name="testPutIntWithMinValue" classname="bytevector.ByteVectorTest" time="0.001"/>
  <testcase name="testPutByteWithMaxValue" classname="bytevector.ByteVectorTest" time="0.002"/>
  <testcase name="testPutShortWithMinValue" classname="bytevector.ByteVectorTest" time="0.001"/>
  <testcase name="testPutUTF8WithSpecialCharacters" classname="bytevector.ByteVectorTest" time="0.001"/>
  <testcase name="testPutByte" classname="bytevector.ByteVectorTest" time="0.001"/>
  <testcase name="testPutLong" classname="bytevector.ByteVectorTest" time="0"/>
  <testcase name="testPutUTF8WithNullString" classname="bytevector.ByteVectorTest" time="0.001"/>
  <testcase name="testPutIntWithMaxValue" classname="bytevector.ByteVectorTest" time="0"/>
  <testcase name="testPutShortWithMaxValue" classname="bytevector.ByteVectorTest" time="0.001"/>
  <testcase name="testPutLongWithMinValue" classname="bytevector.ByteVectorTest" time="0.001"/>
  <testcase name="testPutEmptyByteArray" classname="bytevector.ByteVectorTest" time="0.001"/>
  <testcase name="testPutUTF8WithManySpecialCharacters" classname="bytevector.ByteVectorTest" time="0.001"/>
  <testcase name="testPutByteArray" classname="bytevector.ByteVectorTest" time="0"/>
  <testcase name="testPutByteWithMinValue" classname="bytevector.ByteVectorTest" time="0.001"/>
  <testcase name="testPutInt" classname="bytevector.ByteVectorTest" time="0.001"/>
  <testcase name="testPutEmptyUTF8" classname="bytevector.ByteVectorTest" time="0.001"/>
</testsuite>